<?xml version="1.0" encoding="UTF-8"?>
<!-- Generated by org.testng.reporters.JUnitReportReporter -->
<testsuite hostname="DESKTOP-IHUQAF1" failures="0" tests="1" name="homecredit.TeleLanding.SubmitBOD.NewTest" time="0.003" errors="0" timestamp="2021-06-28T21:41:11 ICT" skipped="0">
  <testcase classname="homecredit.TeleLanding.SubmitBOD.NewTest" name="f" time="0.003"/>
  <system-out/>
</testsuite> <!-- homecredit.TeleLanding.SubmitBOD.NewTest -->
